<?xml version="1.0" encoding="UTF-8"?>
<!-- Generated by org.testng.reporters.JUnitReportReporter -->
<testsuite hostname="DESKTOP-9E06R4C" failures="0" tests="1" name="apicalls.HTTP_Get" time="3.106" errors="0" timestamp="2022-08-04T14:40:55 EDT" skipped="0">
  <testcase classname="apicalls.HTTP_Get" name="httpGet" time="3.106"/>
  <system-out/>
</testsuite> <!-- apicalls.HTTP_Get -->
